<?xml version="1.0" encoding="UTF-8"?>
<!-- Generated by org.testng.reporters.JUnitReportReporter -->
<testsuite hostname="CBT-MH-000" name="project.PHPTravelers.Test_01" tests="1" failures="0" timestamp="12 Oct 2019 06:26:28 GMT" time="36.344" errors="0">
  <testcase name="userRegistrationForm" time="36.344" classname="project.PHPTravelers.Test_01"/>
</testsuite> <!-- project.PHPTravelers.Test_01 -->
