<?xml version="1.0" encoding="UTF-8"?>
<!-- Generated by org.testng.reporters.JUnitReportReporter -->
<testsuite hostname="CBT-MH-000" name="project.PHPTravelers.Flight_Test" tests="1" failures="0" timestamp="12 Oct 2019 06:28:09 GMT" time="23.492" errors="0">
  <testcase name="flight" time="23.492" classname="project.PHPTravelers.Flight_Test"/>
</testsuite> <!-- project.PHPTravelers.Flight_Test -->
