<?xml version="1.0" encoding="UTF-8"?>
<!-- Generated by org.testng.reporters.JUnitReportReporter -->
<testsuite hostname="CBT-MH-000" name="project.PHPTravelers.Hotel_Search_01" tests="1" failures="0" timestamp="12 Oct 2019 06:28:52 GMT" time="24.670" errors="0">
  <testcase name="hotelSearch" time="24.670" classname="project.PHPTravelers.Hotel_Search_01"/>
</testsuite> <!-- project.PHPTravelers.Hotel_Search_01 -->
