<?xml version="1.0" encoding="UTF-8"?>
<!-- Generated by org.testng.reporters.JUnitReportReporter -->
<testsuite hostname="CBT-MH-000" name="project.PHPTravelers.Test_02" tests="1" failures="0" timestamp="12 Oct 2019 06:27:34 GMT" time="19.457" errors="0">
  <testcase name="UserLoginForm" time="19.457" classname="project.PHPTravelers.Test_02"/>
</testsuite> <!-- project.PHPTravelers.Test_02 -->
